# JRE version: Java(TM) SE Runtime Environment (8.0_91-b14) (build 1.8.0_91-b14)
# Java VM: Java HotSpot(TM) 64-Bit Server VM (25.91-b14 mixed mode windows-amd64 compressed oops)
Heap:
 PSYoungGen      total 76288K, used 44202K [0x00000000f5580000, 0x00000000fcf80000, 0x0000000100000000)
  eden space 69120K, 63% used [0x00000000f5580000,0x00000000f80aabd8,0x00000000f9900000)
  from space 7168K, 0% used [0x00000000f9900000,0x00000000f9900000,0x00000000fa000000)
  to   space 7168K, 0% used [0x00000000fc880000,0x00000000fc880000,0x00000000fcf80000)
 ParOldGen       total 29696K, used 13828K [0x00000000e0000000, 0x00000000e1d00000, 0x00000000f5580000)
  object space 29696K, 46% used [0x00000000e0000000,0x00000000e0d813f0,0x00000000e1d00000)
 Metaspace       used 21373K, capacity 21684K, committed 21936K, reserved 1069056K
  class space    used 2626K, capacity 2693K, committed 2816K, reserved 1048576K
GC Heap History (10 events):
Event: 3.455 GC heap before
{Heap before GC invocations=6 (full 0):
 PSYoungGen      total 18432K, used 18416K [0x00000000f5580000, 0x00000000f8180000, 0x0000000100000000)
  eden space 17408K, 100% used [0x00000000f5580000,0x00000000f6680000,0x00000000f6680000)
  from space 1024K, 98% used [0x00000000f6680000,0x00000000f677c010,0x00000000f6780000)
  to   space 5120K, 0% used [0x00000000f7c80000,0x00000000f7c80000,0x00000000f8180000)
 ParOldGen       total 22016K, used 9714K [0x00000000e0000000, 0x00000000e1580000, 0x00000000f5580000)
  object space 22016K, 44% used [0x00000000e0000000,0x00000000e097c9a0,0x00000000e1580000)
 Metaspace       used 15022K, capacity 15192K, committed 15360K, reserved 1062912K
  class space    used 1878K, capacity 1921K, committed 2048K, reserved 1048576K
Event: 3.463 GC heap after
Heap after GC invocations=6 (full 0):
 PSYoungGen      total 39936K, used 3281K [0x00000000f5580000, 0x00000000f8180000, 0x0000000100000000)
  eden space 34816K, 0% used [0x00000000f5580000,0x00000000f5580000,0x00000000f7780000)
  from space 5120K, 64% used [0x00000000f7c80000,0x00000000f7fb4788,0x00000000f8180000)
  to   space 5120K, 0% used [0x00000000f7780000,0x00000000f7780000,0x00000000f7c80000)
 ParOldGen       total 22016K, used 9714K [0x00000000e0000000, 0x00000000e1580000, 0x00000000f5580000)
  object space 22016K, 44% used [0x00000000e0000000,0x00000000e097c9a0,0x00000000e1580000)
 Metaspace       used 15022K, capacity 15192K, committed 15360K, reserved 1062912K
  class space    used 1878K, capacity 1921K, committed 2048K, reserved 1048576K
}
Event: 4.848 GC heap before
{Heap before GC invocations=7 (full 0):
 PSYoungGen      total 39936K, used 38097K [0x00000000f5580000, 0x00000000f8180000, 0x0000000100000000)
  eden space 34816K, 100% used [0x00000000f5580000,0x00000000f7780000,0x00000000f7780000)
  from space 5120K, 64% used [0x00000000f7c80000,0x00000000f7fb4788,0x00000000f8180000)
  to   space 5120K, 0% used [0x00000000f7780000,0x00000000f7780000,0x00000000f7c80000)
 ParOldGen       total 22016K, used 9714K [0x00000000e0000000, 0x00000000e1580000, 0x00000000f5580000)
  object space 22016K, 44% used [0x00000000e0000000,0x00000000e097c9a0,0x00000000e1580000)
 Metaspace       used 19739K, capacity 19928K, committed 20224K, reserved 1067008K
  class space    used 2433K, capacity 2456K, committed 2560K, reserved 1048576K
Event: 4.868 GC heap after
Heap after GC invocations=7 (full 0):
 PSYoungGen      total 39936K, used 5095K [0x00000000f5580000, 0x00000000fa680000, 0x0000000100000000)
  eden space 34816K, 0% used [0x00000000f5580000,0x00000000f5580000,0x00000000f7780000)
  from space 5120K, 99% used [0x00000000f7780000,0x00000000f7c79d98,0x00000000f7c80000)
  to   space 6656K, 0% used [0x00000000fa000000,0x00000000fa000000,0x00000000fa680000)
 ParOldGen       total 22016K, used 11162K [0x00000000e0000000, 0x00000000e1580000, 0x00000000f5580000)
  object space 22016K, 50% used [0x00000000e0000000,0x00000000e0ae68a8,0x00000000e1580000)
 Metaspace       used 19739K, capacity 19928K, committed 20224K, reserved 1067008K
  class space    used 2433K, capacity 2456K, committed 2560K, reserved 1048576K
}
Event: 6.341 GC heap before
{Heap before GC invocations=8 (full 0):
 PSYoungGen      total 39936K, used 39911K [0x00000000f5580000, 0x00000000fa680000, 0x0000000100000000)
  eden space 34816K, 100% used [0x00000000f5580000,0x00000000f7780000,0x00000000f7780000)
  from space 5120K, 99% used [0x00000000f7780000,0x00000000f7c79d98,0x00000000f7c80000)
  to   space 6656K, 0% used [0x00000000fa000000,0x00000000fa000000,0x00000000fa680000)
 ParOldGen       total 22016K, used 11162K [0x00000000e0000000, 0x00000000e1580000, 0x00000000f5580000)
  object space 22016K, 50% used [0x00000000e0000000,0x00000000e0ae68a8,0x00000000e1580000)
 Metaspace       used 20455K, capacity 20694K, committed 20736K, reserved 1067008K
  class space    used 2502K, capacity 2557K, committed 2560K, reserved 1048576K
Event: 6.354 GC heap after
Heap after GC invocations=8 (full 0):
 PSYoungGen      total 75776K, used 5402K [0x00000000f5580000, 0x00000000fa780000, 0x0000000100000000)
  eden space 69120K, 0% used [0x00000000f5580000,0x00000000f5580000,0x00000000f9900000)
  from space 6656K, 81% used [0x00000000fa000000,0x00000000fa5468d8,0x00000000fa680000)
  to   space 7168K, 0% used [0x00000000f9900000,0x00000000f9900000,0x00000000fa000000)
 ParOldGen       total 22016K, used 11370K [0x00000000e0000000, 0x00000000e1580000, 0x00000000f5580000)
  object space 22016K, 51% used [0x00000000e0000000,0x00000000e0b1a8a8,0x00000000e1580000)
 Metaspace       used 20455K, capacity 20694K, committed 20736K, reserved 1067008K
  class space    used 2502K, capacity 2557K, committed 2560K, reserved 1048576K
}
Event: 7.080 GC heap before
{Heap before GC invocations=9 (full 0):
 PSYoungGen      total 75776K, used 44417K [0x00000000f5580000, 0x00000000fa780000, 0x0000000100000000)
  eden space 69120K, 56% used [0x00000000f5580000,0x00000000f7b99e18,0x00000000f9900000)
  from space 6656K, 81% used [0x00000000fa000000,0x00000000fa5468d8,0x00000000fa680000)
  to   space 7168K, 0% used [0x00000000f9900000,0x00000000f9900000,0x00000000fa000000)
 ParOldGen       total 22016K, used 11370K [0x00000000e0000000, 0x00000000e1580000, 0x00000000f5580000)
  object space 22016K, 51% used [0x00000000e0000000,0x00000000e0b1a8a8,0x00000000e1580000)
 Metaspace       used 20887K, capacity 21160K, committed 21296K, reserved 1069056K
  class space    used 2554K, capacity 2627K, committed 2688K, reserved 1048576K
Event: 7.090 GC heap after
Heap after GC invocations=9 (full 0):
 PSYoungGen      total 76288K, used 5104K [0x00000000f5580000, 0x00000000fcf80000, 0x0000000100000000)
  eden space 69120K, 0% used [0x00000000f5580000,0x00000000f5580000,0x00000000f9900000)
  from space 7168K, 71% used [0x00000000f9900000,0x00000000f9dfc330,0x00000000fa000000)
  to   space 7168K, 0% used [0x00000000fc880000,0x00000000fc880000,0x00000000fcf80000)
 ParOldGen       total 22016K, used 11922K [0x00000000e0000000, 0x00000000e1580000, 0x00000000f5580000)
  object space 22016K, 54% used [0x00000000e0000000,0x00000000e0ba48a8,0x00000000e1580000)
 Metaspace       used 20887K, capacity 21160K, committed 21296K, reserved 1069056K
  class space    used 2554K, capacity 2627K, committed 2688K, reserved 1048576K
}
Event: 7.090 GC heap before
{Heap before GC invocations=10 (full 1):
 PSYoungGen      total 76288K, used 5104K [0x00000000f5580000, 0x00000000fcf80000, 0x0000000100000000)
  eden space 69120K, 0% used [0x00000000f5580000,0x00000000f5580000,0x00000000f9900000)
  from space 7168K, 71% used [0x00000000f9900000,0x00000000f9dfc330,0x00000000fa000000)
  to   space 7168K, 0% used [0x00000000fc880000,0x00000000fc880000,0x00000000fcf80000)
 ParOldGen       total 22016K, used 11922K [0x00000000e0000000, 0x00000000e1580000, 0x00000000f5580000)
  object space 22016K, 54% used [0x00000000e0000000,0x00000000e0ba48a8,0x00000000e1580000)
 Metaspace       used 20887K, capacity 21160K, committed 21296K, reserved 1069056K
  class space    used 2554K, capacity 2627K, committed 2688K, reserved 1048576K
Event: 7.159 GC heap after
Heap after GC invocations=10 (full 1):
 PSYoungGen      total 76288K, used 0K [0x00000000f5580000, 0x00000000fcf80000, 0x0000000100000000)
  eden space 69120K, 0% used [0x00000000f5580000,0x00000000f5580000,0x00000000f9900000)
  from space 7168K, 0% used [0x00000000f9900000,0x00000000f9900000,0x00000000fa000000)
  to   space 7168K, 0% used [0x00000000fc880000,0x00000000fc880000,0x00000000fcf80000)
 ParOldGen       total 29696K, used 13828K [0x00000000e0000000, 0x00000000e1d00000, 0x00000000f5580000)
  object space 29696K, 46% used [0x00000000e0000000,0x00000000e0d813f0,0x00000000e1d00000)
 Metaspace       used 20887K, capacity 21160K, committed 21296K, reserved 1069056K
  class space    used 2554K, capacity 2627K, committed 2688K, reserved 1048576K
}

