# JRE version: Java(TM) SE Runtime Environment (8.0_77-b03) (build 1.8.0_77-b03)
# Java VM: Java HotSpot(TM) 64-Bit Server VM (25.77-b03 mixed mode windows-amd64 compressed oops)
Heap:
 PSYoungGen      total 147968K, used 54003K [0x00000000f5580000, 0x00000000ffd80000, 0x0000000100000000)
  eden space 126976K, 37% used [0x00000000f5580000,0x00000000f83fe048,0x00000000fd180000)
  from space 20992K, 30% used [0x00000000fe900000,0x00000000fef3ede0,0x00000000ffd80000)
  to   space 22528K, 0% used [0x00000000fd180000,0x00000000fd180000,0x00000000fe780000)
 ParOldGen       total 88064K, used 51509K [0x00000000e0000000, 0x00000000e5600000, 0x00000000f5580000)
  object space 88064K, 58% used [0x00000000e0000000,0x00000000e324d548,0x00000000e5600000)
 Metaspace       used 85291K, capacity 86210K, committed 86552K, reserved 1126400K
  class space    used 9746K, capacity 9925K, committed 10016K, reserved 1048576K
GC Heap History (10 events):
Event: 44.860 GC heap before
{Heap before GC invocations=34 (full 3):
 PSYoungGen      total 154112K, used 140386K [0x00000000f5580000, 0x0000000100000000, 0x0000000100000000)
  eden space 132608K, 100% used [0x00000000f5580000,0x00000000fd700000,0x00000000fd700000)
  from space 21504K, 36% used [0x00000000feb00000,0x00000000ff298a58,0x0000000100000000)
  to   space 20480K, 0% used [0x00000000fd700000,0x00000000fd700000,0x00000000feb00000)
 ParOldGen       total 61952K, used 49821K [0x00000000e0000000, 0x00000000e3c80000, 0x00000000f5580000)
  object space 61952K, 80% used [0x00000000e0000000,0x00000000e30a7588,0x00000000e3c80000)
 Metaspace       used 76773K, capacity 77652K, committed 77848K, reserved 1118208K
  class space    used 8767K, capacity 8936K, committed 8992K, reserved 1048576K
Event: 44.883 GC heap after
Heap after GC invocations=34 (full 3):
 PSYoungGen      total 153088K, used 20471K [0x00000000f5580000, 0x0000000100000000, 0x0000000100000000)
  eden space 132608K, 0% used [0x00000000f5580000,0x00000000f5580000,0x00000000fd700000)
  from space 20480K, 99% used [0x00000000fd700000,0x00000000feafdd80,0x00000000feb00000)
  to   space 21504K, 0% used [0x00000000feb00000,0x00000000feb00000,0x0000000100000000)
 ParOldGen       total 61952K, used 51432K [0x00000000e0000000, 0x00000000e3c80000, 0x00000000f5580000)
  object space 61952K, 83% used [0x00000000e0000000,0x00000000e323a1a0,0x00000000e3c80000)
 Metaspace       used 76773K, capacity 77652K, committed 77848K, reserved 1118208K
  class space    used 8767K, capacity 8936K, committed 8992K, reserved 1048576K
}
Event: 45.815 GC heap before
{Heap before GC invocations=35 (full 3):
 PSYoungGen      total 153088K, used 153079K [0x00000000f5580000, 0x0000000100000000, 0x0000000100000000)
  eden space 132608K, 100% used [0x00000000f5580000,0x00000000fd700000,0x00000000fd700000)
  from space 20480K, 99% used [0x00000000fd700000,0x00000000feafdd80,0x00000000feb00000)
  to   space 21504K, 0% used [0x00000000feb00000,0x00000000feb00000,0x0000000100000000)
 ParOldGen       total 61952K, used 51432K [0x00000000e0000000, 0x00000000e3c80000, 0x00000000f5580000)
  object space 61952K, 83% used [0x00000000e0000000,0x00000000e323a1a0,0x00000000e3c80000)
 Metaspace       used 76867K, capacity 77746K, committed 77848K, reserved 1118208K
  class space    used 8770K, capacity 8941K, committed 8992K, reserved 1048576K
Event: 45.832 GC heap after
Heap after GC invocations=35 (full 3):
 PSYoungGen      total 147968K, used 3932K [0x00000000f5580000, 0x0000000100000000, 0x0000000100000000)
  eden space 126464K, 0% used [0x00000000f5580000,0x00000000f5580000,0x00000000fd100000)
  from space 21504K, 18% used [0x00000000feb00000,0x00000000feed7298,0x0000000100000000)
  to   space 24064K, 0% used [0x00000000fd100000,0x00000000fd100000,0x00000000fe880000)
 ParOldGen       total 61952K, used 58154K [0x00000000e0000000, 0x00000000e3c80000, 0x00000000f5580000)
  object space 61952K, 93% used [0x00000000e0000000,0x00000000e38ca928,0x00000000e3c80000)
 Metaspace       used 76867K, capacity 77746K, committed 77848K, reserved 1118208K
  class space    used 8770K, capacity 8941K, committed 8992K, reserved 1048576K
}
Event: 45.832 GC heap before
{Heap before GC invocations=36 (full 4):
 PSYoungGen      total 147968K, used 3932K [0x00000000f5580000, 0x0000000100000000, 0x0000000100000000)
  eden space 126464K, 0% used [0x00000000f5580000,0x00000000f5580000,0x00000000fd100000)
  from space 21504K, 18% used [0x00000000feb00000,0x00000000feed7298,0x0000000100000000)
  to   space 24064K, 0% used [0x00000000fd100000,0x00000000fd100000,0x00000000fe880000)
 ParOldGen       total 61952K, used 58154K [0x00000000e0000000, 0x00000000e3c80000, 0x00000000f5580000)
  object space 61952K, 93% used [0x00000000e0000000,0x00000000e38ca928,0x00000000e3c80000)
 Metaspace       used 76867K, capacity 77746K, committed 77848K, reserved 1118208K
  class space    used 8770K, capacity 8941K, committed 8992K, reserved 1048576K
Event: 46.117 GC heap after
Heap after GC invocations=36 (full 4):
 PSYoungGen      total 147968K, used 0K [0x00000000f5580000, 0x0000000100000000, 0x0000000100000000)
  eden space 126464K, 0% used [0x00000000f5580000,0x00000000f5580000,0x00000000fd100000)
  from space 21504K, 0% used [0x00000000feb00000,0x00000000feb00000,0x0000000100000000)
  to   space 24064K, 0% used [0x00000000fd100000,0x00000000fd100000,0x00000000fe880000)
 ParOldGen       total 88064K, used 48042K [0x00000000e0000000, 0x00000000e5600000, 0x00000000f5580000)
  object space 88064K, 54% used [0x00000000e0000000,0x00000000e2eeab68,0x00000000e5600000)
 Metaspace       used 76867K, capacity 77746K, committed 77848K, reserved 1118208K
  class space    used 8770K, capacity 8941K, committed 8992K, reserved 1048576K
}
Event: 47.326 GC heap before
{Heap before GC invocations=37 (full 4):
 PSYoungGen      total 147968K, used 126464K [0x00000000f5580000, 0x0000000100000000, 0x0000000100000000)
  eden space 126464K, 100% used [0x00000000f5580000,0x00000000fd100000,0x00000000fd100000)
  from space 21504K, 0% used [0x00000000feb00000,0x00000000feb00000,0x0000000100000000)
  to   space 24064K, 0% used [0x00000000fd100000,0x00000000fd100000,0x00000000fe880000)
 ParOldGen       total 88064K, used 48042K [0x00000000e0000000, 0x00000000e5600000, 0x00000000f5580000)
  object space 88064K, 54% used [0x00000000e0000000,0x00000000e2eeab68,0x00000000e5600000)
 Metaspace       used 78160K, capacity 79070K, committed 79256K, reserved 1120256K
  class space    used 8886K, capacity 9039K, committed 9120K, reserved 1048576K
Event: 47.346 GC heap after
Heap after GC invocations=37 (full 4):
 PSYoungGen      total 150528K, used 4639K [0x00000000f5580000, 0x0000000100000000, 0x0000000100000000)
  eden space 126464K, 0% used [0x00000000f5580000,0x00000000f5580000,0x00000000fd100000)
  from space 24064K, 19% used [0x00000000fd100000,0x00000000fd587f00,0x00000000fe880000)
  to   space 23552K, 0% used [0x00000000fe900000,0x00000000fe900000,0x0000000100000000)
 ParOldGen       total 88064K, used 48042K [0x00000000e0000000, 0x00000000e5600000, 0x00000000f5580000)
  object space 88064K, 54% used [0x00000000e0000000,0x00000000e2eeab68,0x00000000e5600000)
 Metaspace       used 78160K, capacity 79070K, committed 79256K, reserved 1120256K
  class space    used 8886K, capacity 9039K, committed 9120K, reserved 1048576K
}
Event: 55.243 GC heap before
{Heap before GC invocations=38 (full 4):
 PSYoungGen      total 150528K, used 131103K [0x00000000f5580000, 0x0000000100000000, 0x0000000100000000)
  eden space 126464K, 100% used [0x00000000f5580000,0x00000000fd100000,0x00000000fd100000)
  from space 24064K, 19% used [0x00000000fd100000,0x00000000fd587f00,0x00000000fe880000)
  to   space 23552K, 0% used [0x00000000fe900000,0x00000000fe900000,0x0000000100000000)
 ParOldGen       total 88064K, used 48042K [0x00000000e0000000, 0x00000000e5600000, 0x00000000f5580000)
  object space 88064K, 54% used [0x00000000e0000000,0x00000000e2eeab68,0x00000000e5600000)
 Metaspace       used 83723K, capacity 84674K, committed 84760K, reserved 1124352K
  class space    used 9549K, capacity 9733K, committed 9760K, reserved 1048576K
Event: 55.267 GC heap after
Heap after GC invocations=38 (full 4):
 PSYoungGen      total 147968K, used 6395K [0x00000000f5580000, 0x00000000ffd80000, 0x0000000100000000)
  eden space 126976K, 0% used [0x00000000f5580000,0x00000000f5580000,0x00000000fd180000)
  from space 20992K, 30% used [0x00000000fe900000,0x00000000fef3ede0,0x00000000ffd80000)
  to   space 22528K, 0% used [0x00000000fd180000,0x00000000fd180000,0x00000000fe780000)
 ParOldGen       total 88064K, used 51509K [0x00000000e0000000, 0x00000000e5600000, 0x00000000f5580000)
  object space 88064K, 58% used [0x00000000e0000000,0x00000000e324d548,0x00000000e5600000)
 Metaspace       used 83723K, capacity 84674K, committed 84760K, reserved 1124352K
  class space    used 9549K, capacity 9733K, committed 9760K, reserved 1048576K
}

