# JRE version: Java(TM) SE Runtime Environment (8.0_91-b14) (build 1.8.0_91-b14)
# Java VM: Java HotSpot(TM) 64-Bit Server VM (25.91-b14 mixed mode windows-amd64 compressed oops)
Heap:
 PSYoungGen      total 59904K, used 38435K [0x00000000f5580000, 0x00000000f9580000, 0x0000000100000000)
  eden space 55296K, 66% used [0x00000000f5580000,0x00000000f7959dc0,0x00000000f8b80000)
  from space 4608K, 37% used [0x00000000f9100000,0x00000000f92aee60,0x00000000f9580000)
  to   space 5120K, 0% used [0x00000000f8b80000,0x00000000f8b80000,0x00000000f9080000)
 ParOldGen       total 28672K, used 12469K [0x00000000e0000000, 0x00000000e1c00000, 0x00000000f5580000)
  object space 28672K, 43% used [0x00000000e0000000,0x00000000e0c2d608,0x00000000e1c00000)
 Metaspace       used 21672K, capacity 21996K, committed 22192K, reserved 1069056K
  class space    used 2666K, capacity 2729K, committed 2816K, reserved 1048576K
GC Heap History (10 events):
Event: 4.678 GC heap before
{Heap before GC invocations=9 (full 0):
 PSYoungGen      total 38400K, used 37882K [0x00000000f5580000, 0x00000000f8080000, 0x0000000100000000)
  eden space 34304K, 100% used [0x00000000f5580000,0x00000000f7700000,0x00000000f7700000)
  from space 4096K, 87% used [0x00000000f7b80000,0x00000000f7efeab8,0x00000000f7f80000)
  to   space 4608K, 0% used [0x00000000f7700000,0x00000000f7700000,0x00000000f7b80000)
 ParOldGen       total 22016K, used 8836K [0x00000000e0000000, 0x00000000e1580000, 0x00000000f5580000)
  object space 22016K, 40% used [0x00000000e0000000,0x00000000e08a1238,0x00000000e1580000)
 Metaspace       used 20390K, capacity 20630K, committed 20736K, reserved 1067008K
  class space    used 2498K, capacity 2557K, committed 2560K, reserved 1048576K
Event: 4.689 GC heap after
Heap after GC invocations=9 (full 0):
 PSYoungGen      total 38912K, used 4591K [0x00000000f5580000, 0x00000000f9680000, 0x0000000100000000)
  eden space 34304K, 0% used [0x00000000f5580000,0x00000000f5580000,0x00000000f7700000)
  from space 4608K, 99% used [0x00000000f7700000,0x00000000f7b7be38,0x00000000f7b80000)
  to   space 5632K, 0% used [0x00000000f9100000,0x00000000f9100000,0x00000000f9680000)
 ParOldGen       total 22016K, used 9676K [0x00000000e0000000, 0x00000000e1580000, 0x00000000f5580000)
  object space 22016K, 43% used [0x00000000e0000000,0x00000000e0973398,0x00000000e1580000)
 Metaspace       used 20390K, capacity 20630K, committed 20736K, reserved 1067008K
  class space    used 2498K, capacity 2557K, committed 2560K, reserved 1048576K
}
Event: 5.212 GC heap before
{Heap before GC invocations=10 (full 0):
 PSYoungGen      total 38912K, used 38895K [0x00000000f5580000, 0x00000000f9680000, 0x0000000100000000)
  eden space 34304K, 100% used [0x00000000f5580000,0x00000000f7700000,0x00000000f7700000)
  from space 4608K, 99% used [0x00000000f7700000,0x00000000f7b7be38,0x00000000f7b80000)
  to   space 5632K, 0% used [0x00000000f9100000,0x00000000f9100000,0x00000000f9680000)
 ParOldGen       total 22016K, used 9676K [0x00000000e0000000, 0x00000000e1580000, 0x00000000f5580000)
  object space 22016K, 43% used [0x00000000e0000000,0x00000000e0973398,0x00000000e1580000)
 Metaspace       used 20501K, capacity 20758K, committed 20992K, reserved 1067008K
  class space    used 2505K, capacity 2557K, committed 2560K, reserved 1048576K
Event: 5.223 GC heap after
Heap after GC invocations=10 (full 0):
 PSYoungGen      total 59904K, used 2641K [0x00000000f5580000, 0x00000000f9580000, 0x0000000100000000)
  eden space 55296K, 0% used [0x00000000f5580000,0x00000000f5580000,0x00000000f8b80000)
  from space 4608K, 57% used [0x00000000f9100000,0x00000000f93947c8,0x00000000f9580000)
  to   space 5120K, 0% used [0x00000000f8b80000,0x00000000f8b80000,0x00000000f9080000)
 ParOldGen       total 22016K, used 11454K [0x00000000e0000000, 0x00000000e1580000, 0x00000000f5580000)
  object space 22016K, 52% used [0x00000000e0000000,0x00000000e0b2fa78,0x00000000e1580000)
 Metaspace       used 20501K, capacity 20758K, committed 20992K, reserved 1067008K
  class space    used 2505K, capacity 2557K, committed 2560K, reserved 1048576K
}
Event: 5.731 GC heap before
{Heap before GC invocations=11 (full 0):
 PSYoungGen      total 59904K, used 25659K [0x00000000f5580000, 0x00000000f9580000, 0x0000000100000000)
  eden space 55296K, 41% used [0x00000000f5580000,0x00000000f6bfa830,0x00000000f8b80000)
  from space 4608K, 57% used [0x00000000f9100000,0x00000000f93947c8,0x00000000f9580000)
  to   space 5120K, 0% used [0x00000000f8b80000,0x00000000f8b80000,0x00000000f9080000)
 ParOldGen       total 22016K, used 11454K [0x00000000e0000000, 0x00000000e1580000, 0x00000000f5580000)
  object space 22016K, 52% used [0x00000000e0000000,0x00000000e0b2fa78,0x00000000e1580000)
 Metaspace       used 20894K, capacity 21160K, committed 21296K, reserved 1069056K
  class space    used 2554K, capacity 2627K, committed 2688K, reserved 1048576K
Event: 5.736 GC heap after
Heap after GC invocations=11 (full 0):
 PSYoungGen      total 60416K, used 1319K [0x00000000f5580000, 0x00000000f9580000, 0x0000000100000000)
  eden space 55296K, 0% used [0x00000000f5580000,0x00000000f5580000,0x00000000f8b80000)
  from space 5120K, 25% used [0x00000000f8b80000,0x00000000f8cc9f60,0x00000000f9080000)
  to   space 4608K, 0% used [0x00000000f9100000,0x00000000f9100000,0x00000000f9580000)
 ParOldGen       total 22016K, used 13498K [0x00000000e0000000, 0x00000000e1580000, 0x00000000f5580000)
  object space 22016K, 61% used [0x00000000e0000000,0x00000000e0d2ebd0,0x00000000e1580000)
 Metaspace       used 20894K, capacity 21160K, committed 21296K, reserved 1069056K
  class space    used 2554K, capacity 2627K, committed 2688K, reserved 1048576K
}
Event: 5.736 GC heap before
{Heap before GC invocations=12 (full 1):
 PSYoungGen      total 60416K, used 1319K [0x00000000f5580000, 0x00000000f9580000, 0x0000000100000000)
  eden space 55296K, 0% used [0x00000000f5580000,0x00000000f5580000,0x00000000f8b80000)
  from space 5120K, 25% used [0x00000000f8b80000,0x00000000f8cc9f60,0x00000000f9080000)
  to   space 4608K, 0% used [0x00000000f9100000,0x00000000f9100000,0x00000000f9580000)
 ParOldGen       total 22016K, used 13498K [0x00000000e0000000, 0x00000000e1580000, 0x00000000f5580000)
  object space 22016K, 61% used [0x00000000e0000000,0x00000000e0d2ebd0,0x00000000e1580000)
 Metaspace       used 20894K, capacity 21160K, committed 21296K, reserved 1069056K
  class space    used 2554K, capacity 2627K, committed 2688K, reserved 1048576K
Event: 5.806 GC heap after
Heap after GC invocations=12 (full 1):
 PSYoungGen      total 60416K, used 0K [0x00000000f5580000, 0x00000000f9580000, 0x0000000100000000)
  eden space 55296K, 0% used [0x00000000f5580000,0x00000000f5580000,0x00000000f8b80000)
  from space 5120K, 0% used [0x00000000f8b80000,0x00000000f8b80000,0x00000000f9080000)
  to   space 4608K, 0% used [0x00000000f9100000,0x00000000f9100000,0x00000000f9580000)
 ParOldGen       total 28672K, used 12461K [0x00000000e0000000, 0x00000000e1c00000, 0x00000000f5580000)
  object space 28672K, 43% used [0x00000000e0000000,0x00000000e0c2b608,0x00000000e1c00000)
 Metaspace       used 20894K, capacity 21160K, committed 21296K, reserved 1069056K
  class space    used 2554K, capacity 2627K, committed 2688K, reserved 1048576K
}
Event: 6.577 GC heap before
{Heap before GC invocations=13 (full 1):
 PSYoungGen      total 60416K, used 55296K [0x00000000f5580000, 0x00000000f9580000, 0x0000000100000000)
  eden space 55296K, 100% used [0x00000000f5580000,0x00000000f8b80000,0x00000000f8b80000)
  from space 5120K, 0% used [0x00000000f8b80000,0x00000000f8b80000,0x00000000f9080000)
  to   space 4608K, 0% used [0x00000000f9100000,0x00000000f9100000,0x00000000f9580000)
 ParOldGen       total 28672K, used 12461K [0x00000000e0000000, 0x00000000e1c00000, 0x00000000f5580000)
  object space 28672K, 43% used [0x00000000e0000000,0x00000000e0c2b608,0x00000000e1c00000)
 Metaspace       used 21475K, capacity 21748K, committed 21936K, reserved 1069056K
  class space    used 2635K, capacity 2693K, committed 2816K, reserved 1048576K
Event: 6.586 GC heap after
Heap after GC invocations=13 (full 1):
 PSYoungGen      total 59904K, used 1723K [0x00000000f5580000, 0x00000000f9580000, 0x0000000100000000)
  eden space 55296K, 0% used [0x00000000f5580000,0x00000000f5580000,0x00000000f8b80000)
  from space 4608K, 37% used [0x00000000f9100000,0x00000000f92aee60,0x00000000f9580000)
  to   space 5120K, 0% used [0x00000000f8b80000,0x00000000f8b80000,0x00000000f9080000)
 ParOldGen       total 28672K, used 12469K [0x00000000e0000000, 0x00000000e1c00000, 0x00000000f5580000)
  object space 28672K, 43% used [0x00000000e0000000,0x00000000e0c2d608,0x00000000e1c00000)
 Metaspace       used 21475K, capacity 21748K, committed 21936K, reserved 1069056K
  class space    used 2635K, capacity 2693K, committed 2816K, reserved 1048576K
}

