# JRE version: Java(TM) SE Runtime Environment (8.0_77-b03) (build 1.8.0_77-b03)
# Java VM: Java HotSpot(TM) 64-Bit Server VM (25.77-b03 mixed mode windows-amd64 compressed oops)
Heap:
 PSYoungGen      total 153600K, used 299K [0x00000000f5580000, 0x00000000ffe00000, 0x0000000100000000)
  eden space 134656K, 0% used [0x00000000f5580000,0x00000000f55cad60,0x00000000fd900000)
  from space 18944K, 0% used [0x00000000fd900000,0x00000000fd900000,0x00000000feb80000)
  to   space 18432K, 0% used [0x00000000fec00000,0x00000000fec00000,0x00000000ffe00000)
 ParOldGen       total 79872K, used 48094K [0x00000000e0000000, 0x00000000e4e00000, 0x00000000f5580000)
  object space 79872K, 60% used [0x00000000e0000000,0x00000000e2ef7b70,0x00000000e4e00000)
 Metaspace       used 86200K, capacity 87110K, committed 87344K, reserved 1132544K
  class space    used 9813K, capacity 9989K, committed 10032K, reserved 1048576K
GC Heap History (10 events):
Event: 44.873 GC heap after
Heap after GC invocations=36 (full 4):
 PSYoungGen      total 154624K, used 4174K [0x00000000f5580000, 0x0000000100000000, 0x0000000100000000)
  eden space 134144K, 0% used [0x00000000f5580000,0x00000000f5580000,0x00000000fd880000)
  from space 20480K, 20% used [0x00000000fec00000,0x00000000ff013b60,0x0000000100000000)
  to   space 19968K, 0% used [0x00000000fd880000,0x00000000fd880000,0x00000000fec00000)
 ParOldGen       total 79872K, used 63034K [0x00000000e0000000, 0x00000000e4e00000, 0x00000000f5580000)
  object space 79872K, 78% used [0x00000000e0000000,0x00000000e3d8eb30,0x00000000e4e00000)
 Metaspace       used 76881K, capacity 77810K, committed 78128K, reserved 1118208K
  class space    used 8770K, capacity 8941K, committed 9008K, reserved 1048576K
}
Event: 46.454 GC heap before
{Heap before GC invocations=37 (full 4):
 PSYoungGen      total 154624K, used 138318K [0x00000000f5580000, 0x0000000100000000, 0x0000000100000000)
  eden space 134144K, 100% used [0x00000000f5580000,0x00000000fd880000,0x00000000fd880000)
  from space 20480K, 20% used [0x00000000fec00000,0x00000000ff013b60,0x0000000100000000)
  to   space 19968K, 0% used [0x00000000fd880000,0x00000000fd880000,0x00000000fec00000)
 ParOldGen       total 79872K, used 63034K [0x00000000e0000000, 0x00000000e4e00000, 0x00000000f5580000)
  object space 79872K, 78% used [0x00000000e0000000,0x00000000e3d8eb30,0x00000000e4e00000)
 Metaspace       used 78679K, capacity 79646K, committed 79792K, reserved 1120256K
  class space    used 8935K, capacity 9103K, committed 9136K, reserved 1048576K
Event: 46.466 GC heap after
Heap after GC invocations=37 (full 4):
 PSYoungGen      total 154112K, used 4466K [0x00000000f5580000, 0x00000000fff80000, 0x0000000100000000)
  eden space 134144K, 0% used [0x00000000f5580000,0x00000000f5580000,0x00000000fd880000)
  from space 19968K, 22% used [0x00000000fd880000,0x00000000fdcdca98,0x00000000fec00000)
  to   space 19968K, 0% used [0x00000000fec00000,0x00000000fec00000,0x00000000fff80000)
 ParOldGen       total 79872K, used 64954K [0x00000000e0000000, 0x00000000e4e00000, 0x00000000f5580000)
  object space 79872K, 81% used [0x00000000e0000000,0x00000000e3f6e9c0,0x00000000e4e00000)
 Metaspace       used 78679K, capacity 79646K, committed 79792K, reserved 1120256K
  class space    used 8935K, capacity 9103K, committed 9136K, reserved 1048576K
}
Event: 54.774 GC heap before
{Heap before GC invocations=38 (full 4):
 PSYoungGen      total 154112K, used 138610K [0x00000000f5580000, 0x00000000fff80000, 0x0000000100000000)
  eden space 134144K, 100% used [0x00000000f5580000,0x00000000fd880000,0x00000000fd880000)
  from space 19968K, 22% used [0x00000000fd880000,0x00000000fdcdca98,0x00000000fec00000)
  to   space 19968K, 0% used [0x00000000fec00000,0x00000000fec00000,0x00000000fff80000)
 ParOldGen       total 79872K, used 64954K [0x00000000e0000000, 0x00000000e4e00000, 0x00000000f5580000)
  object space 79872K, 81% used [0x00000000e0000000,0x00000000e3f6e9c0,0x00000000e4e00000)
 Metaspace       used 84552K, capacity 85474K, committed 85680K, reserved 1124352K
  class space    used 9650K, capacity 9829K, committed 9904K, reserved 1048576K
Event: 54.805 GC heap after
Heap after GC invocations=38 (full 4):
 PSYoungGen      total 153088K, used 6618K [0x00000000f5580000, 0x00000000ffe00000, 0x0000000100000000)
  eden space 134656K, 0% used [0x00000000f5580000,0x00000000f5580000,0x00000000fd900000)
  from space 18432K, 35% used [0x00000000fec00000,0x00000000ff276838,0x00000000ffe00000)
  to   space 18944K, 0% used [0x00000000fd900000,0x00000000fd900000,0x00000000feb80000)
 ParOldGen       total 79872K, used 68020K [0x00000000e0000000, 0x00000000e4e00000, 0x00000000f5580000)
  object space 79872K, 85% used [0x00000000e0000000,0x00000000e426d3d0,0x00000000e4e00000)
 Metaspace       used 84552K, capacity 85474K, committed 85680K, reserved 1124352K
  class space    used 9650K, capacity 9829K, committed 9904K, reserved 1048576K
}
Event: 88.144 GC heap before
{Heap before GC invocations=39 (full 4):
 PSYoungGen      total 153088K, used 57314K [0x00000000f5580000, 0x00000000ffe00000, 0x0000000100000000)
  eden space 134656K, 37% used [0x00000000f5580000,0x00000000f8702310,0x00000000fd900000)
  from space 18432K, 35% used [0x00000000fec00000,0x00000000ff276838,0x00000000ffe00000)
  to   space 18944K, 0% used [0x00000000fd900000,0x00000000fd900000,0x00000000feb80000)
 ParOldGen       total 79872K, used 68020K [0x00000000e0000000, 0x00000000e4e00000, 0x00000000f5580000)
  object space 79872K, 85% used [0x00000000e0000000,0x00000000e426d3d0,0x00000000e4e00000)
 Metaspace       used 86199K, capacity 87110K, committed 87344K, reserved 1130496K
  class space    used 9813K, capacity 9989K, committed 10032K, reserved 1048576K
Event: 88.162 GC heap after
Heap after GC invocations=39 (full 4):
 PSYoungGen      total 153600K, used 1653K [0x00000000f5580000, 0x00000000ffe00000, 0x0000000100000000)
  eden space 134656K, 0% used [0x00000000f5580000,0x00000000f5580000,0x00000000fd900000)
  from space 18944K, 8% used [0x00000000fd900000,0x00000000fda9d4b0,0x00000000feb80000)
  to   space 18432K, 0% used [0x00000000fec00000,0x00000000fec00000,0x00000000ffe00000)
 ParOldGen       total 79872K, used 71237K [0x00000000e0000000, 0x00000000e4e00000, 0x00000000f5580000)
  object space 79872K, 89% used [0x00000000e0000000,0x00000000e4591430,0x00000000e4e00000)
 Metaspace       used 86199K, capacity 87110K, committed 87344K, reserved 1130496K
  class space    used 9813K, capacity 9989K, committed 10032K, reserved 1048576K
}
Event: 88.162 GC heap before
{Heap before GC invocations=40 (full 5):
 PSYoungGen      total 153600K, used 1653K [0x00000000f5580000, 0x00000000ffe00000, 0x0000000100000000)
  eden space 134656K, 0% used [0x00000000f5580000,0x00000000f5580000,0x00000000fd900000)
  from space 18944K, 8% used [0x00000000fd900000,0x00000000fda9d4b0,0x00000000feb80000)
  to   space 18432K, 0% used [0x00000000fec00000,0x00000000fec00000,0x00000000ffe00000)
 ParOldGen       total 79872K, used 71237K [0x00000000e0000000, 0x00000000e4e00000, 0x00000000f5580000)
  object space 79872K, 89% used [0x00000000e0000000,0x00000000e4591430,0x00000000e4e00000)
 Metaspace       used 86199K, capacity 87110K, committed 87344K, reserved 1130496K
  class space    used 9813K, capacity 9989K, committed 10032K, reserved 1048576K
Event: 88.588 GC heap after
Heap after GC invocations=40 (full 5):
 PSYoungGen      total 153600K, used 0K [0x00000000f5580000, 0x00000000ffe00000, 0x0000000100000000)
  eden space 134656K, 0% used [0x00000000f5580000,0x00000000f5580000,0x00000000fd900000)
  from space 18944K, 0% used [0x00000000fd900000,0x00000000fd900000,0x00000000feb80000)
  to   space 18432K, 0% used [0x00000000fec00000,0x00000000fec00000,0x00000000ffe00000)
 ParOldGen       total 79872K, used 48094K [0x00000000e0000000, 0x00000000e4e00000, 0x00000000f5580000)
  object space 79872K, 60% used [0x00000000e0000000,0x00000000e2ef7b70,0x00000000e4e00000)
 Metaspace       used 86199K, capacity 87110K, committed 87344K, reserved 1128448K
  class space    used 9813K, capacity 9989K, committed 10032K, reserved 1048576K
}
Event: 88.617 GC heap before
{Heap before GC invocations=41 (full 5):
 PSYoungGen      total 153600K, used 299K [0x00000000f5580000, 0x00000000ffe00000, 0x0000000100000000)
  eden space 134656K, 0% used [0x00000000f5580000,0x00000000f55cad60,0x00000000fd900000)
  from space 18944K, 0% used [0x00000000fd900000,0x00000000fd900000,0x00000000feb80000)
  to   space 18432K, 0% used [0x00000000fec00000,0x00000000fec00000,0x00000000ffe00000)
 ParOldGen       total 79872K, used 48094K [0x00000000e0000000, 0x00000000e4e00000, 0x00000000f5580000)
  object space 79872K, 60% used [0x00000000e0000000,0x00000000e2ef7b70,0x00000000e4e00000)
 Metaspace       used 86200K, capacity 87110K, committed 87344K, reserved 1132544K
  class space    used 9813K, capacity 9989K, committed 10032K, reserved 1048576K

