# JRE version: Java(TM) SE Runtime Environment (8.0_91-b14) (build 1.8.0_91-b14)
# Java VM: Java HotSpot(TM) 64-Bit Server VM (25.91-b14 mixed mode windows-amd64 compressed oops)
Heap:
 PSYoungGen      total 76288K, used 30883K [0x00000000f5580000, 0x00000000fcf80000, 0x0000000100000000)
  eden space 69120K, 44% used [0x00000000f5580000,0x00000000f73a8e40,0x00000000f9900000)
  from space 7168K, 0% used [0x00000000f9900000,0x00000000f9900000,0x00000000fa000000)
  to   space 7168K, 0% used [0x00000000fc880000,0x00000000fc880000,0x00000000fcf80000)
 ParOldGen       total 29696K, used 13674K [0x00000000e0000000, 0x00000000e1d00000, 0x00000000f5580000)
  object space 29696K, 46% used [0x00000000e0000000,0x00000000e0d5a8b8,0x00000000e1d00000)
 Metaspace       used 21340K, capacity 21620K, committed 21936K, reserved 1069056K
  class space    used 2623K, capacity 2693K, committed 2816K, reserved 1048576K
GC Heap History (10 events):
Event: 2.213 GC heap before
{Heap before GC invocations=6 (full 0):
 PSYoungGen      total 18432K, used 18432K [0x00000000f5580000, 0x00000000f8180000, 0x0000000100000000)
  eden space 17408K, 100% used [0x00000000f5580000,0x00000000f6680000,0x00000000f6680000)
  from space 1024K, 100% used [0x00000000f6680000,0x00000000f6780000,0x00000000f6780000)
  to   space 5120K, 0% used [0x00000000f7c80000,0x00000000f7c80000,0x00000000f8180000)
 ParOldGen       total 22016K, used 9283K [0x00000000e0000000, 0x00000000e1580000, 0x00000000f5580000)
  object space 22016K, 42% used [0x00000000e0000000,0x00000000e0910df8,0x00000000e1580000)
 Metaspace       used 14935K, capacity 15128K, committed 15360K, reserved 1062912K
  class space    used 1871K, capacity 1921K, committed 2048K, reserved 1048576K
Event: 2.218 GC heap after
Heap after GC invocations=6 (full 0):
 PSYoungGen      total 39936K, used 3491K [0x00000000f5580000, 0x00000000f8180000, 0x0000000100000000)
  eden space 34816K, 0% used [0x00000000f5580000,0x00000000f5580000,0x00000000f7780000)
  from space 5120K, 68% used [0x00000000f7c80000,0x00000000f7fe8fb0,0x00000000f8180000)
  to   space 5120K, 0% used [0x00000000f7780000,0x00000000f7780000,0x00000000f7c80000)
 ParOldGen       total 22016K, used 9283K [0x00000000e0000000, 0x00000000e1580000, 0x00000000f5580000)
  object space 22016K, 42% used [0x00000000e0000000,0x00000000e0910df8,0x00000000e1580000)
 Metaspace       used 14935K, capacity 15128K, committed 15360K, reserved 1062912K
  class space    used 1871K, capacity 1921K, committed 2048K, reserved 1048576K
}
Event: 3.113 GC heap before
{Heap before GC invocations=7 (full 0):
 PSYoungGen      total 39936K, used 38307K [0x00000000f5580000, 0x00000000f8180000, 0x0000000100000000)
  eden space 34816K, 100% used [0x00000000f5580000,0x00000000f7780000,0x00000000f7780000)
  from space 5120K, 68% used [0x00000000f7c80000,0x00000000f7fe8fb0,0x00000000f8180000)
  to   space 5120K, 0% used [0x00000000f7780000,0x00000000f7780000,0x00000000f7c80000)
 ParOldGen       total 22016K, used 9283K [0x00000000e0000000, 0x00000000e1580000, 0x00000000f5580000)
  object space 22016K, 42% used [0x00000000e0000000,0x00000000e0910df8,0x00000000e1580000)
 Metaspace       used 19733K, capacity 19960K, committed 20224K, reserved 1067008K
  class space    used 2437K, capacity 2488K, committed 2560K, reserved 1048576K
Event: 3.125 GC heap after
Heap after GC invocations=7 (full 0):
 PSYoungGen      total 39936K, used 5093K [0x00000000f5580000, 0x00000000fa680000, 0x0000000100000000)
  eden space 34816K, 0% used [0x00000000f5580000,0x00000000f5580000,0x00000000f7780000)
  from space 5120K, 99% used [0x00000000f7780000,0x00000000f7c795d0,0x00000000f7c80000)
  to   space 6656K, 0% used [0x00000000fa000000,0x00000000fa000000,0x00000000fa680000)
 ParOldGen       total 22016K, used 10800K [0x00000000e0000000, 0x00000000e1580000, 0x00000000f5580000)
  object space 22016K, 49% used [0x00000000e0000000,0x00000000e0a8c178,0x00000000e1580000)
 Metaspace       used 19733K, capacity 19960K, committed 20224K, reserved 1067008K
  class space    used 2437K, capacity 2488K, committed 2560K, reserved 1048576K
}
Event: 4.005 GC heap before
{Heap before GC invocations=8 (full 0):
 PSYoungGen      total 39936K, used 39909K [0x00000000f5580000, 0x00000000fa680000, 0x0000000100000000)
  eden space 34816K, 100% used [0x00000000f5580000,0x00000000f7780000,0x00000000f7780000)
  from space 5120K, 99% used [0x00000000f7780000,0x00000000f7c795d0,0x00000000f7c80000)
  to   space 6656K, 0% used [0x00000000fa000000,0x00000000fa000000,0x00000000fa680000)
 ParOldGen       total 22016K, used 10800K [0x00000000e0000000, 0x00000000e1580000, 0x00000000f5580000)
  object space 22016K, 49% used [0x00000000e0000000,0x00000000e0a8c178,0x00000000e1580000)
 Metaspace       used 20460K, capacity 20694K, committed 20736K, reserved 1067008K
  class space    used 2506K, capacity 2557K, committed 2560K, reserved 1048576K
Event: 4.023 GC heap after
Heap after GC invocations=8 (full 0):
 PSYoungGen      total 75776K, used 5420K [0x00000000f5580000, 0x00000000fa780000, 0x0000000100000000)
  eden space 69120K, 0% used [0x00000000f5580000,0x00000000f5580000,0x00000000f9900000)
  from space 6656K, 81% used [0x00000000fa000000,0x00000000fa54b0c0,0x00000000fa680000)
  to   space 7168K, 0% used [0x00000000f9900000,0x00000000f9900000,0x00000000fa000000)
 ParOldGen       total 22016K, used 11008K [0x00000000e0000000, 0x00000000e1580000, 0x00000000f5580000)
  object space 22016K, 50% used [0x00000000e0000000,0x00000000e0ac0178,0x00000000e1580000)
 Metaspace       used 20460K, capacity 20694K, committed 20736K, reserved 1067008K
  class space    used 2506K, capacity 2557K, committed 2560K, reserved 1048576K
}
Event: 4.473 GC heap before
{Heap before GC invocations=9 (full 0):
 PSYoungGen      total 75776K, used 44285K [0x00000000f5580000, 0x00000000fa780000, 0x0000000100000000)
  eden space 69120K, 56% used [0x00000000f5580000,0x00000000f7b74640,0x00000000f9900000)
  from space 6656K, 81% used [0x00000000fa000000,0x00000000fa54b0c0,0x00000000fa680000)
  to   space 7168K, 0% used [0x00000000f9900000,0x00000000f9900000,0x00000000fa000000)
 ParOldGen       total 22016K, used 11008K [0x00000000e0000000, 0x00000000e1580000, 0x00000000f5580000)
  object space 22016K, 50% used [0x00000000e0000000,0x00000000e0ac0178,0x00000000e1580000)
 Metaspace       used 20885K, capacity 21160K, committed 21296K, reserved 1069056K
  class space    used 2556K, capacity 2627K, committed 2688K, reserved 1048576K
Event: 4.484 GC heap after
Heap after GC invocations=9 (full 0):
 PSYoungGen      total 76288K, used 5086K [0x00000000f5580000, 0x00000000fcf80000, 0x0000000100000000)
  eden space 69120K, 0% used [0x00000000f5580000,0x00000000f5580000,0x00000000f9900000)
  from space 7168K, 70% used [0x00000000f9900000,0x00000000f9df7b48,0x00000000fa000000)
  to   space 7168K, 0% used [0x00000000fc880000,0x00000000fc880000,0x00000000fcf80000)
 ParOldGen       total 22016K, used 11552K [0x00000000e0000000, 0x00000000e1580000, 0x00000000f5580000)
  object space 22016K, 52% used [0x00000000e0000000,0x00000000e0b48178,0x00000000e1580000)
 Metaspace       used 20885K, capacity 21160K, committed 21296K, reserved 1069056K
  class space    used 2556K, capacity 2627K, committed 2688K, reserved 1048576K
}
Event: 4.484 GC heap before
{Heap before GC invocations=10 (full 1):
 PSYoungGen      total 76288K, used 5086K [0x00000000f5580000, 0x00000000fcf80000, 0x0000000100000000)
  eden space 69120K, 0% used [0x00000000f5580000,0x00000000f5580000,0x00000000f9900000)
  from space 7168K, 70% used [0x00000000f9900000,0x00000000f9df7b48,0x00000000fa000000)
  to   space 7168K, 0% used [0x00000000fc880000,0x00000000fc880000,0x00000000fcf80000)
 ParOldGen       total 22016K, used 11552K [0x00000000e0000000, 0x00000000e1580000, 0x00000000f5580000)
  object space 22016K, 52% used [0x00000000e0000000,0x00000000e0b48178,0x00000000e1580000)
 Metaspace       used 20885K, capacity 21160K, committed 21296K, reserved 1069056K
  class space    used 2556K, capacity 2627K, committed 2688K, reserved 1048576K
Event: 4.544 GC heap after
Heap after GC invocations=10 (full 1):
 PSYoungGen      total 76288K, used 0K [0x00000000f5580000, 0x00000000fcf80000, 0x0000000100000000)
  eden space 69120K, 0% used [0x00000000f5580000,0x00000000f5580000,0x00000000f9900000)
  from space 7168K, 0% used [0x00000000f9900000,0x00000000f9900000,0x00000000fa000000)
  to   space 7168K, 0% used [0x00000000fc880000,0x00000000fc880000,0x00000000fcf80000)
 ParOldGen       total 29696K, used 13674K [0x00000000e0000000, 0x00000000e1d00000, 0x00000000f5580000)
  object space 29696K, 46% used [0x00000000e0000000,0x00000000e0d5a8b8,0x00000000e1d00000)
 Metaspace       used 20885K, capacity 21160K, committed 21296K, reserved 1069056K
  class space    used 2556K, capacity 2627K, committed 2688K, reserved 1048576K
}

