# JRE version: Java(TM) SE Runtime Environment (8.0_91-b14) (build 1.8.0_91-b14)
# Java VM: Java HotSpot(TM) 64-Bit Server VM (25.91-b14 mixed mode windows-amd64 compressed oops)
Heap:
 PSYoungGen      total 150528K, used 87020K [0x00000000f5580000, 0x0000000100000000, 0x0000000100000000)
  eden space 140800K, 61% used [0x00000000f5580000,0x00000000faa7b2c8,0x00000000fdf00000)
  from space 9728K, 0% used [0x00000000ff680000,0x00000000ff680000,0x0000000100000000)
  to   space 16896K, 0% used [0x00000000fdf00000,0x00000000fdf00000,0x00000000fef80000)
 ParOldGen       total 34304K, used 34063K [0x00000000e0000000, 0x00000000e2180000, 0x00000000f5580000)
  object space 34304K, 99% used [0x00000000e0000000,0x00000000e2143df8,0x00000000e2180000)
 Metaspace       used 47702K, capacity 48186K, committed 48512K, reserved 1091584K
  class space    used 6127K, capacity 6259K, committed 6272K, reserved 1048576K
GC Heap History (10 events):
Event: 9.748 GC heap before
{Heap before GC invocations=15 (full 1):
 PSYoungGen      total 134144K, used 134135K [0x00000000f5580000, 0x0000000100000000, 0x0000000100000000)
  eden space 126464K, 100% used [0x00000000f5580000,0x00000000fd100000,0x00000000fd100000)
  from space 7680K, 99% used [0x00000000fd100000,0x00000000fd87dee0,0x00000000fd880000)
  to   space 9728K, 0% used [0x00000000ff680000,0x00000000ff680000,0x0000000100000000)
 ParOldGen       total 29696K, used 17317K [0x00000000e0000000, 0x00000000e1d00000, 0x00000000f5580000)
  object space 29696K, 58% used [0x00000000e0000000,0x00000000e10e9510,0x00000000e1d00000)
 Metaspace       used 29902K, capacity 30254K, committed 30464K, reserved 1075200K
  class space    used 3716K, capacity 3812K, committed 3840K, reserved 1048576K
Event: 9.782 GC heap after
Heap after GC invocations=15 (full 1):
 PSYoungGen      total 150528K, used 9705K [0x00000000f5580000, 0x0000000100000000, 0x0000000100000000)
  eden space 140800K, 0% used [0x00000000f5580000,0x00000000f5580000,0x00000000fdf00000)
  from space 9728K, 99% used [0x00000000ff680000,0x00000000ffffa6e8,0x0000000100000000)
  to   space 16896K, 0% used [0x00000000fdf00000,0x00000000fdf00000,0x00000000fef80000)
 ParOldGen       total 34304K, used 33905K [0x00000000e0000000, 0x00000000e2180000, 0x00000000f5580000)
  object space 34304K, 98% used [0x00000000e0000000,0x00000000e211c6c8,0x00000000e2180000)
 Metaspace       used 29902K, capacity 30254K, committed 30464K, reserved 1075200K
  class space    used 3716K, capacity 3812K, committed 3840K, reserved 1048576K
}
Event: 9.782 GC heap before
{Heap before GC invocations=16 (full 2):
 PSYoungGen      total 150528K, used 9705K [0x00000000f5580000, 0x0000000100000000, 0x0000000100000000)
  eden space 140800K, 0% used [0x00000000f5580000,0x00000000f5580000,0x00000000fdf00000)
  from space 9728K, 99% used [0x00000000ff680000,0x00000000ffffa6e8,0x0000000100000000)
  to   space 16896K, 0% used [0x00000000fdf00000,0x00000000fdf00000,0x00000000fef80000)
 ParOldGen       total 34304K, used 33905K [0x00000000e0000000, 0x00000000e2180000, 0x00000000f5580000)
  object space 34304K, 98% used [0x00000000e0000000,0x00000000e211c6c8,0x00000000e2180000)
 Metaspace       used 29902K, capacity 30254K, committed 30464K, reserved 1075200K
  class space    used 3716K, capacity 3812K, committed 3840K, reserved 1048576K
Event: 9.948 GC heap after
Heap after GC invocations=16 (full 2):
 PSYoungGen      total 150528K, used 3035K [0x00000000f5580000, 0x0000000100000000, 0x0000000100000000)
  eden space 140800K, 0% used [0x00000000f5580000,0x00000000f5580000,0x00000000fdf00000)
  from space 9728K, 31% used [0x00000000ff680000,0x00000000ff976cb8,0x0000000100000000)
  to   space 16896K, 0% used [0x00000000fdf00000,0x00000000fdf00000,0x00000000fef80000)
 ParOldGen       total 34304K, used 34112K [0x00000000e0000000, 0x00000000e2180000, 0x00000000f5580000)
  object space 34304K, 99% used [0x00000000e0000000,0x00000000e2150178,0x00000000e2180000)
 Metaspace       used 29902K, capacity 30254K, committed 30464K, reserved 1075200K
  class space    used 3716K, capacity 3812K, committed 3840K, reserved 1048576K
}
Event: 11.838 GC heap before
{Heap before GC invocations=17 (full 3):
 PSYoungGen      total 150528K, used 143835K [0x00000000f5580000, 0x0000000100000000, 0x0000000100000000)
  eden space 140800K, 100% used [0x00000000f5580000,0x00000000fdf00000,0x00000000fdf00000)
  from space 9728K, 31% used [0x00000000ff680000,0x00000000ff976cb8,0x0000000100000000)
  to   space 16896K, 0% used [0x00000000fdf00000,0x00000000fdf00000,0x00000000fef80000)
 ParOldGen       total 34304K, used 34112K [0x00000000e0000000, 0x00000000e2180000, 0x00000000f5580000)
  object space 34304K, 99% used [0x00000000e0000000,0x00000000e2150178,0x00000000e2180000)
 Metaspace       used 32855K, capacity 33348K, committed 33664K, reserved 1079296K
  class space    used 4061K, capacity 4190K, committed 4224K, reserved 1048576K
Event: 12.047 GC heap after
Heap after GC invocations=17 (full 3):
 PSYoungGen      total 150528K, used 8120K [0x00000000f5580000, 0x0000000100000000, 0x0000000100000000)
  eden space 140800K, 5% used [0x00000000f5580000,0x00000000f5d6e028,0x00000000fdf00000)
  from space 9728K, 0% used [0x00000000ff680000,0x00000000ff680000,0x0000000100000000)
  to   space 16896K, 0% used [0x00000000fdf00000,0x00000000fdf00000,0x00000000fef80000)
 ParOldGen       total 34304K, used 34243K [0x00000000e0000000, 0x00000000e2180000, 0x00000000f5580000)
  object space 34304K, 99% used [0x00000000e0000000,0x00000000e2170dc8,0x00000000e2180000)
 Metaspace       used 32855K, capacity 33348K, committed 33664K, reserved 1079296K
  class space    used 4061K, capacity 4190K, committed 4224K, reserved 1048576K
}
Event: 13.542 GC heap before
{Heap before GC invocations=18 (full 4):
 PSYoungGen      total 150528K, used 140800K [0x00000000f5580000, 0x0000000100000000, 0x0000000100000000)
  eden space 140800K, 100% used [0x00000000f5580000,0x00000000fdf00000,0x00000000fdf00000)
  from space 9728K, 0% used [0x00000000ff680000,0x00000000ff680000,0x0000000100000000)
  to   space 16896K, 0% used [0x00000000fdf00000,0x00000000fdf00000,0x00000000fef80000)
 ParOldGen       total 34304K, used 34243K [0x00000000e0000000, 0x00000000e2180000, 0x00000000f5580000)
  object space 34304K, 99% used [0x00000000e0000000,0x00000000e2170dc8,0x00000000e2180000)
 Metaspace       used 37219K, capacity 37724K, committed 38144K, reserved 1083392K
  class space    used 4638K, capacity 4770K, committed 4864K, reserved 1048576K
Event: 13.715 GC heap after
Heap after GC invocations=18 (full 4):
 PSYoungGen      total 150528K, used 24214K [0x00000000f5580000, 0x0000000100000000, 0x0000000100000000)
  eden space 140800K, 17% used [0x00000000f5580000,0x00000000f6d258b0,0x00000000fdf00000)
  from space 9728K, 0% used [0x00000000ff680000,0x00000000ff680000,0x0000000100000000)
  to   space 16896K, 0% used [0x00000000fdf00000,0x00000000fdf00000,0x00000000fef80000)
 ParOldGen       total 34304K, used 34082K [0x00000000e0000000, 0x00000000e2180000, 0x00000000f5580000)
  object space 34304K, 99% used [0x00000000e0000000,0x00000000e2148880,0x00000000e2180000)
 Metaspace       used 37219K, capacity 37724K, committed 38144K, reserved 1083392K
  class space    used 4638K, capacity 4770K, committed 4864K, reserved 1048576K
}
Event: 14.577 GC heap before
{Heap before GC invocations=19 (full 5):
 PSYoungGen      total 150528K, used 140800K [0x00000000f5580000, 0x0000000100000000, 0x0000000100000000)
  eden space 140800K, 100% used [0x00000000f5580000,0x00000000fdf00000,0x00000000fdf00000)
  from space 9728K, 0% used [0x00000000ff680000,0x00000000ff680000,0x0000000100000000)
  to   space 16896K, 0% used [0x00000000fdf00000,0x00000000fdf00000,0x00000000fef80000)
 ParOldGen       total 34304K, used 34082K [0x00000000e0000000, 0x00000000e2180000, 0x00000000f5580000)
  object space 34304K, 99% used [0x00000000e0000000,0x00000000e2148880,0x00000000e2180000)
 Metaspace       used 40820K, capacity 41302K, committed 41472K, reserved 1085440K
  class space    used 5196K, capacity 5357K, committed 5376K, reserved 1048576K
Event: 14.793 GC heap after
Heap after GC invocations=19 (full 5):
 PSYoungGen      total 150528K, used 12344K [0x00000000f5580000, 0x0000000100000000, 0x0000000100000000)
  eden space 140800K, 8% used [0x00000000f5580000,0x00000000f618e1b8,0x00000000fdf00000)
  from space 9728K, 0% used [0x00000000ff680000,0x00000000ff680000,0x0000000100000000)
  to   space 16896K, 0% used [0x00000000fdf00000,0x00000000fdf00000,0x00000000fef80000)
 ParOldGen       total 34304K, used 34063K [0x00000000e0000000, 0x00000000e2180000, 0x00000000f5580000)
  object space 34304K, 99% used [0x00000000e0000000,0x00000000e2143df8,0x00000000e2180000)
 Metaspace       used 40820K, capacity 41302K, committed 41472K, reserved 1085440K
  class space    used 5196K, capacity 5357K, committed 5376K, reserved 1048576K
}

